<?xml version="1.0" encoding="UTF-8"?>
<testng-results ignored="0" total="1" passed="1" failed="0" skipped="0">
  <reporter-output>
  </reporter-output>
  <suite started-at="2020-11-07T21:14:04 IST" name="Suite" finished-at="2020-11-07T21:14:13 IST" duration-ms="8599">
    <groups>
    </groups>
    <test started-at="2020-11-07T21:14:04 IST" name="Test" finished-at="2020-11-07T21:14:13 IST" duration-ms="8599">
      <class name="RestAssuredAutomation.DummyRESTAPI">
        <test-method signature="test_getAllReq()[pri:1, instance:RestAssuredAutomation.DummyRESTAPI@55740540]" started-at="2020-11-07T21:14:05 IST" name="test_getAllReq" finished-at="2020-11-07T21:14:13 IST" duration-ms="8506" status="PASS">
          <reporter-output>
          </reporter-output>
        </test-method> <!-- test_getAllReq -->
      </class> <!-- RestAssuredAutomation.DummyRESTAPI -->
    </test> <!-- Test -->
  </suite> <!-- Suite -->
</testng-results>
